<?xml version="1.0" encoding="UTF-8"?>
<testsuite xmlns:xsi="http://www.w3.org/2001/XMLSchema-instance" xsi:noNamespaceSchemaLocation="https://maven.apache.org/surefire/maven-surefire-plugin/xsd/surefire-test-report.xsd" version="3.0.2" name="in.gov.kerala.ehealth.token.TokenApplicationTests" time="19.36" tests="1" errors="0" skipped="0" failures="0">
  <properties>
[...]
</properties>
  <testcase name="contextLoads" classname="in.gov.kerala.ehealth.token.TokenApplicationTests" time="0.54">
    <system-out><![CDATA[00:16:43.313 [main] INFO org.springframework.test.context.support.AnnotationConfigContextLoaderUtils -- Could not detect default configuration classes for test class [in.gov.kerala.ehealth.token.TokenApplicationTests]: TokenApplicationTests does not declare any static, non-private, non-final, nested classes annotated with @Configuration.
00:16:43.467 [main] INFO org.springframework.boot.test.context.SpringBootTestContextBootstrapper -- Found @SpringBootConfiguration in.gov.kerala.ehealth.token.TokenApplication for test class in.gov.kerala.ehealth.token.TokenApplicationTests

  .   ____          _            __ _ _
 /\\ / ___'_ __ _ _(_)_ __  __ _ \ \ \ \
( ( )\___ | '_ | '_| | '_ \/ _` | \ \ \ \
 \\/  ___)| |_)| | | | | || (_| |  ) ) ) )
  '  |____| .__|_| |_|_| |_\__, | / / / /
 =========|_|==============|___/=/_/_/_/

 :: Spring Boot ::                (v3.5.3)

2025-07-04T00:16:44.133+05:30  INFO 30708 --- [token] [           main] i.g.k.e.token.TokenApplicationTests      : Starting TokenApplicationTests using Java 21.0.2 with PID 30708 (started by gvnid in D:\Nidheesh\Owncloud\Repository\token)
2025-07-04T00:16:44.136+05:30  INFO 30708 --- [token] [           main] i.g.k.e.token.TokenApplicationTests      : No active profile set, falling back to 1 default profile: "default"
2025-07-04T00:16:45.417+05:30  INFO 30708 --- [token] [           main] .s.d.r.c.RepositoryConfigurationDelegate : Bootstrapping Spring Data JPA repositories in DEFAULT mode.
2025-07-04T00:16:45.497+05:30  INFO 30708 --- [token] [           main] .s.d.r.c.RepositoryConfigurationDelegate : Finished Spring Data repository scanning in 67 ms. Found 1 JPA repository interface.
2025-07-04T00:16:45.991+05:30 DEBUG 30708 --- [token] [           main] com.zaxxer.hikari.HikariConfig           : Class org.postgresql.Driver found in Thread context class loader jdk.internal.loader.ClassLoaders$AppClassLoader@70dea4e
2025-07-04T00:16:46.205+05:30  INFO 30708 --- [token] [           main] o.hibernate.jpa.internal.util.LogHelper  : HHH000204: Processing PersistenceUnitInfo [name: default]
2025-07-04T00:16:46.299+05:30  INFO 30708 --- [token] [           main] org.hibernate.Version                    : HHH000412: Hibernate ORM core version 6.6.18.Final
2025-07-04T00:16:46.349+05:30  INFO 30708 --- [token] [           main] o.h.c.internal.RegionFactoryInitiator    : HHH000026: Second-level cache disabled
2025-07-04T00:16:46.896+05:30  INFO 30708 --- [token] [           main] o.s.o.j.p.SpringPersistenceUnitInfo      : No LoadTimeWeaver setup: ignoring JPA class transformer
2025-07-04T00:16:46.944+05:30 DEBUG 30708 --- [token] [           main] com.zaxxer.hikari.HikariConfig           : HikariPostgresPool - configuration:
2025-07-04T00:16:46.951+05:30 DEBUG 30708 --- [token] [           main] com.zaxxer.hikari.HikariConfig           : allowPoolSuspension.............false
2025-07-04T00:16:46.951+05:30 DEBUG 30708 --- [token] [           main] com.zaxxer.hikari.HikariConfig           : autoCommit......................true
2025-07-04T00:16:46.951+05:30 DEBUG 30708 --- [token] [           main] com.zaxxer.hikari.HikariConfig           : catalog.........................none
2025-07-04T00:16:46.951+05:30 DEBUG 30708 --- [token] [           main] com.zaxxer.hikari.HikariConfig           : connectionInitSql...............none
2025-07-04T00:16:46.951+05:30 DEBUG 30708 --- [token] [           main] com.zaxxer.hikari.HikariConfig           : connectionTestQuery.............none
2025-07-04T00:16:46.952+05:30 DEBUG 30708 --- [token] [           main] com.zaxxer.hikari.HikariConfig           : connectionTimeout...............30000
2025-07-04T00:16:46.953+05:30 DEBUG 30708 --- [token] [           main] com.zaxxer.hikari.HikariConfig           : credentials.....................com.zaxxer.hikari.util.Credentials@61554b6b
2025-07-04T00:16:46.953+05:30 DEBUG 30708 --- [token] [           main] com.zaxxer.hikari.HikariConfig           : dataSource......................none
2025-07-04T00:16:46.953+05:30 DEBUG 30708 --- [token] [           main] com.zaxxer.hikari.HikariConfig           : dataSourceClassName.............none
2025-07-04T00:16:46.954+05:30 DEBUG 30708 --- [token] [           main] com.zaxxer.hikari.HikariConfig           : dataSourceJNDI..................none
2025-07-04T00:16:46.954+05:30 DEBUG 30708 --- [token] [           main] com.zaxxer.hikari.HikariConfig           : dataSourceProperties............{password=<masked>}
2025-07-04T00:16:46.955+05:30 DEBUG 30708 --- [token] [           main] com.zaxxer.hikari.HikariConfig           : driverClassName................."org.postgresql.Driver"
2025-07-04T00:16:46.955+05:30 DEBUG 30708 --- [token] [           main] com.zaxxer.hikari.HikariConfig           : exceptionOverride...............none
2025-07-04T00:16:46.955+05:30 DEBUG 30708 --- [token] [           main] com.zaxxer.hikari.HikariConfig           : exceptionOverrideClassName......none
2025-07-04T00:16:46.956+05:30 DEBUG 30708 --- [token] [           main] com.zaxxer.hikari.HikariConfig           : healthCheckProperties...........{}
2025-07-04T00:16:46.956+05:30 DEBUG 30708 --- [token] [           main] com.zaxxer.hikari.HikariConfig           : healthCheckRegistry.............none
2025-07-04T00:16:46.956+05:30 DEBUG 30708 --- [token] [           main] com.zaxxer.hikari.HikariConfig           : idleTimeout.....................30000
2025-07-04T00:16:46.956+05:30 DEBUG 30708 --- [token] [           main] com.zaxxer.hikari.HikariConfig           : initializationFailTimeout.......1
2025-07-04T00:16:46.957+05:30 DEBUG 30708 --- [token] [           main] com.zaxxer.hikari.HikariConfig           : isolateInternalQueries..........false
2025-07-04T00:16:46.957+05:30 DEBUG 30708 --- [token] [           main] com.zaxxer.hikari.HikariConfig           : jdbcUrl.........................jdbc:postgresql://server1.learnstowin.com:5000/ehealthdb_token
2025-07-04T00:16:46.957+05:30 DEBUG 30708 --- [token] [           main] com.zaxxer.hikari.HikariConfig           : keepaliveTime...................120000
2025-07-04T00:16:46.957+05:30 DEBUG 30708 --- [token] [           main] com.zaxxer.hikari.HikariConfig           : leakDetectionThreshold..........0
2025-07-04T00:16:46.957+05:30 DEBUG 30708 --- [token] [           main] com.zaxxer.hikari.HikariConfig           : maxLifetime.....................1800000
2025-07-04T00:16:46.958+05:30 DEBUG 30708 --- [token] [           main] com.zaxxer.hikari.HikariConfig           : maximumPoolSize.................20
2025-07-04T00:16:46.958+05:30 DEBUG 30708 --- [token] [           main] com.zaxxer.hikari.HikariConfig           : metricRegistry..................none
2025-07-04T00:16:46.958+05:30 DEBUG 30708 --- [token] [           main] com.zaxxer.hikari.HikariConfig           : metricsTrackerFactory...........none
2025-07-04T00:16:46.958+05:30 DEBUG 30708 --- [token] [           main] com.zaxxer.hikari.HikariConfig           : minimumIdle.....................5
2025-07-04T00:16:46.958+05:30 DEBUG 30708 --- [token] [           main] com.zaxxer.hikari.HikariConfig           : password........................<masked>
2025-07-04T00:16:46.959+05:30 DEBUG 30708 --- [token] [           main] com.zaxxer.hikari.HikariConfig           : poolName........................"HikariPostgresPool"
2025-07-04T00:16:46.959+05:30 DEBUG 30708 --- [token] [           main] com.zaxxer.hikari.HikariConfig           : readOnly........................false
2025-07-04T00:16:46.959+05:30 DEBUG 30708 --- [token] [           main] com.zaxxer.hikari.HikariConfig           : registerMbeans..................false
2025-07-04T00:16:46.959+05:30 DEBUG 30708 --- [token] [           main] com.zaxxer.hikari.HikariConfig           : scheduledExecutor...............none
2025-07-04T00:16:46.959+05:30 DEBUG 30708 --- [token] [           main] com.zaxxer.hikari.HikariConfig           : schema..........................none
2025-07-04T00:16:46.959+05:30 DEBUG 30708 --- [token] [           main] com.zaxxer.hikari.HikariConfig           : threadFactory...................internal
2025-07-04T00:16:46.961+05:30 DEBUG 30708 --- [token] [           main] com.zaxxer.hikari.HikariConfig           : transactionIsolation............"TRANSACTION_READ_COMMITTED"
2025-07-04T00:16:46.961+05:30 DEBUG 30708 --- [token] [           main] com.zaxxer.hikari.HikariConfig           : username........................"postgres"
2025-07-04T00:16:46.961+05:30 DEBUG 30708 --- [token] [           main] com.zaxxer.hikari.HikariConfig           : validationTimeout...............5000
2025-07-04T00:16:46.961+05:30  INFO 30708 --- [token] [           main] com.zaxxer.hikari.HikariDataSource       : HikariPostgresPool - Starting...
2025-07-04T00:16:46.979+05:30 DEBUG 30708 --- [token] [           main] com.zaxxer.hikari.pool.PoolBase          : HikariPostgresPool - Attempting to create/setup new connection (ad935bb6-8669-4b72-9baa-8830d0b008b3)
2025-07-04T00:16:58.228+05:30 DEBUG 30708 --- [token] [           main] com.zaxxer.hikari.pool.PoolBase          : HikariPostgresPool - Established new connection (ad935bb6-8669-4b72-9baa-8830d0b008b3)
2025-07-04T00:16:58.231+05:30  INFO 30708 --- [token] [           main] com.zaxxer.hikari.pool.HikariPool        : HikariPostgresPool - Added connection org.postgresql.jdbc.PgConnection@37f71c05
2025-07-04T00:16:58.235+05:30  INFO 30708 --- [token] [           main] com.zaxxer.hikari.HikariDataSource       : HikariPostgresPool - Start completed.
2025-07-04T00:16:58.346+05:30 DEBUG 30708 --- [token] [ool:housekeeper] com.zaxxer.hikari.pool.HikariPool        : HikariPostgresPool - Before cleanup stats (total=1/20, idle=0/5, active=1, waiting=0)
2025-07-04T00:16:58.348+05:30 DEBUG 30708 --- [token] [ool:housekeeper] com.zaxxer.hikari.pool.HikariPool        : HikariPostgresPool - After  cleanup stats (total=1/20, idle=0/5, active=1, waiting=0)
2025-07-04T00:16:58.349+05:30 DEBUG 30708 --- [token] [onnection-adder] com.zaxxer.hikari.pool.PoolBase          : HikariPostgresPool - Attempting to create/setup new connection (3e8332f4-ba5b-4af8-87ad-1c9ca89afa0f)
2025-07-04T00:16:58.377+05:30 DEBUG 30708 --- [token] [onnection-adder] com.zaxxer.hikari.pool.PoolBase          : HikariPostgresPool - Established new connection (3e8332f4-ba5b-4af8-87ad-1c9ca89afa0f)
2025-07-04T00:16:58.378+05:30 DEBUG 30708 --- [token] [onnection-adder] com.zaxxer.hikari.pool.HikariPool        : HikariPostgresPool - Added connection org.postgresql.jdbc.PgConnection@4ba4ee0c
2025-07-04T00:16:58.385+05:30  INFO 30708 --- [token] [           main] org.hibernate.orm.connections.pooling    : HHH10001005: Database info:
	Database JDBC URL [Connecting through datasource 'HikariDataSource (HikariPostgresPool)']
	Database driver: undefined/unknown
	Database version: 17.5
	Autocommit mode: undefined/unknown
	Isolation level: undefined/unknown
	Minimum pool size: undefined/unknown
	Maximum pool size: undefined/unknown
2025-07-04T00:16:58.423+05:30 DEBUG 30708 --- [token] [onnection-adder] com.zaxxer.hikari.pool.HikariPool        : HikariPostgresPool - After adding stats (total=2/20, idle=2/5, active=0, waiting=0)
2025-07-04T00:16:58.424+05:30 DEBUG 30708 --- [token] [onnection-adder] com.zaxxer.hikari.pool.PoolBase          : HikariPostgresPool - Attempting to create/setup new connection (0336bd20-5d38-4cda-aa66-31b2a110ea2d)
2025-07-04T00:16:58.458+05:30 DEBUG 30708 --- [token] [onnection-adder] com.zaxxer.hikari.pool.PoolBase          : HikariPostgresPool - Established new connection (0336bd20-5d38-4cda-aa66-31b2a110ea2d)
2025-07-04T00:16:58.459+05:30 DEBUG 30708 --- [token] [onnection-adder] com.zaxxer.hikari.pool.HikariPool        : HikariPostgresPool - Added connection org.postgresql.jdbc.PgConnection@415c857c
2025-07-04T00:16:58.501+05:30 DEBUG 30708 --- [token] [onnection-adder] com.zaxxer.hikari.pool.HikariPool        : HikariPostgresPool - After adding stats (total=3/20, idle=3/5, active=0, waiting=0)
2025-07-04T00:16:58.501+05:30 DEBUG 30708 --- [token] [onnection-adder] com.zaxxer.hikari.pool.PoolBase          : HikariPostgresPool - Attempting to create/setup new connection (3fce0cb8-1b2f-4796-9614-b6bc909dd8bb)
2025-07-04T00:16:58.555+05:30 DEBUG 30708 --- [token] [onnection-adder] com.zaxxer.hikari.pool.PoolBase          : HikariPostgresPool - Established new connection (3fce0cb8-1b2f-4796-9614-b6bc909dd8bb)
2025-07-04T00:16:58.556+05:30 DEBUG 30708 --- [token] [onnection-adder] com.zaxxer.hikari.pool.HikariPool        : HikariPostgresPool - Added connection org.postgresql.jdbc.PgConnection@45e0333
2025-07-04T00:16:58.594+05:30 DEBUG 30708 --- [token] [onnection-adder] com.zaxxer.hikari.pool.HikariPool        : HikariPostgresPool - After adding stats (total=4/20, idle=4/5, active=0, waiting=0)
2025-07-04T00:16:58.594+05:30 DEBUG 30708 --- [token] [onnection-adder] com.zaxxer.hikari.pool.PoolBase          : HikariPostgresPool - Attempting to create/setup new connection (aa313e0d-4272-4328-a0b5-c3f03512ba00)
2025-07-04T00:16:58.619+05:30 DEBUG 30708 --- [token] [onnection-adder] com.zaxxer.hikari.pool.PoolBase          : HikariPostgresPool - Established new connection (aa313e0d-4272-4328-a0b5-c3f03512ba00)
2025-07-04T00:16:58.621+05:30 DEBUG 30708 --- [token] [onnection-adder] com.zaxxer.hikari.pool.HikariPool        : HikariPostgresPool - Added connection org.postgresql.jdbc.PgConnection@6866593a
2025-07-04T00:16:58.656+05:30 DEBUG 30708 --- [token] [onnection-adder] com.zaxxer.hikari.pool.HikariPool        : HikariPostgresPool - After adding stats (total=5/20, idle=5/5, active=0, waiting=0)
2025-07-04T00:16:58.656+05:30 DEBUG 30708 --- [token] [onnection-adder] com.zaxxer.hikari.pool.HikariPool        : HikariPostgresPool - Connection not added, stats (total=5/20, idle=5/5, active=0, waiting=0)
2025-07-04T00:16:59.693+05:30  INFO 30708 --- [token] [           main] o.h.e.t.j.p.i.JtaPlatformInitiator       : HHH000489: No JTA platform available (set 'hibernate.transaction.jta.platform' to enable JTA platform integration)
2025-07-04T00:16:59.786+05:30  INFO 30708 --- [token] [           main] j.LocalContainerEntityManagerFactoryBean : Initialized JPA EntityManagerFactory for persistence unit 'default'
2025-07-04T00:17:00.524+05:30  WARN 30708 --- [token] [           main] JpaBaseConfiguration$JpaWebConfiguration : spring.jpa.open-in-view is enabled by default. Therefore, database queries may be performed during view rendering. Explicitly configure spring.jpa.open-in-view to disable this warning
2025-07-04T00:17:01.663+05:30  INFO 30708 --- [token] [           main] o.s.b.a.e.web.EndpointLinksResolver      : Exposing 1 endpoint beneath base path '/actuator'
2025-07-04T00:17:01.804+05:30  INFO 30708 --- [token] [           main] i.g.k.e.token.TokenApplicationTests      : Started TokenApplicationTests in 18.115 seconds (process running for 19.415)
]]></system-out>
    <system-err><![CDATA[Mockito is currently self-attaching to enable the inline-mock-maker. This will no longer work in future releases of the JDK. Please add Mockito as an agent to your build as described in Mockito's documentation: https://javadoc.io/doc/org.mockito/mockito-core/latest/org.mockito/org/mockito/Mockito.html#0.3
WARNING: A Java agent has been loaded dynamically (C:\Users\gvnid\.m2\repository\net\bytebuddy\byte-buddy-agent\1.17.6\byte-buddy-agent-1.17.6.jar)
WARNING: If a serviceability tool is in use, please run with -XX:+EnableDynamicAgentLoading to hide this warning
WARNING: If a serviceability tool is not in use, please run with -Djdk.instrument.traceUsage for more information
WARNING: Dynamic loading of agents will be disallowed by default in a future release
]]></system-err>
  </testcase>
</testsuite>